<?xml version="1.0" encoding="UTF-8"?>
<!-- Generated by org.testng.reporters.JUnitReportReporter -->
<testsuite hostname="Acer" failures="0" tests="6" name="com.selenium.automation.tests.ElPaisTest" time="24.529" errors="0" timestamp="2024-12-25T23:11:03 IST" skipped="0">
  <testcase classname="com.selenium.automation.tests.ElPaisTest" name="testPageTitle" time="3.231"/>
  <system-out/>
  <testcase classname="com.selenium.automation.tests.ElPaisTest" name="testCheckForStartingImage" time="0.127"/>
  <system-out/>
  <testcase classname="com.selenium.automation.tests.ElPaisTest" name="testNavigateToOpinionSection" time="15.766"/>
  <system-out/>
  <testcase classname="com.selenium.automation.tests.ElPaisTest" name="testGetArticles" time="4.052"/>
  <system-out/>
  <testcase classname="com.selenium.automation.tests.ElPaisTest" name="testGetEnglishTranslatedArticles" time="1.315"/>
  <system-out/>
  <testcase classname="com.selenium.automation.tests.ElPaisTest" name="testAnalyzeTranslatedArticlesHeaders" time="0.038"/>
  <system-out/>
</testsuite> <!-- com.selenium.automation.tests.ElPaisTest -->
